DataHut_CH_Lidl_PriceExtractions_20250124.CSV.zip
DataHut_HU_Auchan_PriceExtractions_20250124.CSV.zip
DataHut_HU_Tesco_PriceExtractions_20250124.CSV.zip
DataHut_SI_Hitrinakup_PriceExtractions_20250124.CSV
luluhypermarket.ae_2025_01_24.csv.zip
DataHut_AT_Dm_PriceExtractions_20250124.CSV.zip
DataHut_AT_Billa_PriceExtractions_20250124.CSV.zip
DataHut_AT_Interspar_PriceExtractions_20250124.CSV



DataHut_CH_Lidl_PriceExtractions_20250124.CSV.zip
-------------------------------------------------
No issues

DataHut_HU_Auchan_PriceExtractions_20250124.CSV.zip
-------------------------------------------------
No issues


DataHut_HU_Tesco_PriceExtractions_20250124.CSV
---------------------------------------------
no issues

DataHut_SI_Hitrinakup_PriceExtractions_20250124.CSV
---------------------------------------------------
no issues

luluhypermarket.ae_2025_01_24.csv.zip
--------------------------------------
no issues


DataHut_AT_Dm_PriceExtractions_20250124.CSV.zip
----------------------------------------------
no issues

DataHut_AT_Billa_PriceExtractions_20250124.CSV
---------------------------------------------
no issues


DataHut_AT_Interspar_PriceExtractions_20250124.CSV
---------------------------------------------------
no issues 

