ajmanded_uae_2025_03.json
-------------------------
no issues 

emlakjet_tur_2025_03.json
------------------------
1. mobile number found in agent_name field
eg. line 279676

2.scraped_ts, date 21,24,26

dubizzle_bah_2025_03.json
-------------------------
1.4214 rows
2."reference_number","rera_permit_number","dtcm_licence":"",
  "agent_name":"","user_id":"","sub_category_2":"",

3. format error::
price_per not in proper format



qatarliving_qat_2025_03.json
---------------------------
1.one new field: "adID_flag"
2.category ,"category_url"is empty
3.depth is not empty

kw_set_1
---------
alliebeth_2025_03_05.json
-------------------------
no issues


century21global_2025_03_05.json
-------------------------------
1.line 35951
"first_name":"0928277229"

2.out of 49347 image_urls 42727
urls are unique

coldwellbanker_us_2025_03_05.json
---------------------------------
no issues

ewm_2025_03_05.json
-------------------
1.out of 572 image_urls
411 are unique

2.Image is not present
in site but image_url is
found in data.
eg line 565
"profile_url": "https://www.ewm.com/agents/1776829/Ximena+Ulloa"

3."state": "FL",
"state": "Florida"


home_realestate_2025_03_05.json
-------------------------------
1."email" is empty
language is not empty

2."city": "Lincoln ",
"city": "Lincoln",

longandfoster_2025_03_05.json
-----------------------------
1.description not found in 
site but found in data
line 1
    "profile_url": "https://www.longandfoster.com/AgentSearch/YasminAbadian-10480733"


robertsbrothers_2025_03_05.json
------------------------------
no issues

sutton_2025_03_05.json
----------------------
1."first_name": "14",no image is in site,but image_url found in data
line 2896
 "profile_url": "https://www.sutton.com/ca/agent/14-oranges-105461"


same issue
line 4910
    "profile_url": "https://www.sutton.com/ca/agent/xiaoning-jeff-yi-105733"



kw_set_2
----------

firstweber_2025_03_05.json
--------------------------
1.description field contains error.
"description": "About Alessandra KrieckCome back f
or more information",
line 14
"profile_url": "https://www.firstweber.com/bio/alessandrakrieck"

2.description contains "about us"
line 246
    "profile_url": "https://www.firstweber.com/bio/donnazarek"


globalremax_2025_03_05.json
---------------------------
1."first_name": ".","11","387"
"3872","3874","3875" etc

2."address": "6270 Tettenhall Road",
in data
"62-70 Tettenhall Road" in site
line 2
    "profile_url": "https://global.remax.com/en/agents/england/wolverhampton/nana-acheampong/13002079"



harrynorman_2025_03_05.json
---------------------------
1."email" is empty

houlihanlawrence_2025_03_05.json
-------------------------------
no issues

huff_realty_2025_03_05.json
---------------------------
1."email": is empty 
2.description found wrong
line 127
"profile_url": "https://www.katherineforja.com"



iowarealty_2025_03_05.json
-------------------------
no issues 

remax_us_2025_03_05.json
------------------------

1.middle_name not found.
line 48280
"profile_url": "https://www.remax.com/real-estate-agents/skeeter-shook-weatherford-tx/100042116"

