DataHut_AT_Dm_PriceExtractions_20250820.CSV
------------------------------------------
"breadcrumb found as 
""Startseite > dm-med > Nahrungsergänzungsmittel > Vitaminpräparate""
in data
""Startseite"" in site
https://www.dm.at/nature-love-pflanzenstoff-komplex-l-tryptophan-rosenwurz-und-gruentee-p4260488135007.html"

DataHut_AT_Mpreis_PriceExtractions_20250820.CSV
----------------------------------------------
1.site shown uom missing for 574 rows
2."promotion found in site
missing in data.
also change in price and price per unit found

https://www.mpreis.at/shop/p/haribo-beerentraum-176658
"

DataHut_AT_Bipa_PriceExtractions_20250820.CSV
---------------------------------------------
no issues

DataHut_AT_Mueller_PriceExtractions_20250820.CSV
------------------------------------------------
"regular and selling price anre empty for
34 rows


DataHut_AT_Billa_PriceExtractions_20250820.CSV
----------------------------------------------
"1.site shown uom is missing for 7 rows
in data."

2.site shown uom found as 
""2 Beutel Paket"" but grammage unit is stuck.

https://shop.billa.at/produkte/dr-oetker-flana-schokopudding-008508

https://shop.billa.at/produkte/dr-oetker-flana-vanillepudding-008528

3.site shown uom is ""20 Beutel Paket""  but grammage unit is stuck.

https://shop.billa.at/produkte/teekanne-foursenses-alpenkraeuter-00892452

https://shop.billa.at/produkte/teekanne-foursenses-beerenauslese-00892455

https://shop.billa.at/produkte/teekanne-foursenses-hochland-gruentee-00892457

https://shop.billa.at/produkte/teekanne-foursenses-royal-earl-grey-00892458

"


DataHut_SI_Dm_PriceExtractions_20250820.CSV
-------------------------------------------
"breadcrumb found as
""Domov > Foto > Foto pripomočki > Ideje za fotografije""
in data ""Domov"" in site
https://www.dm.si/paradies-podloga-z-vpenjalno-sponko-p4066447441871.html

https://www.dm.si/paradies-dekorativna-tabla-s-crkami-love-p4066447266092.html"

DataHut_SI_Spar_PriceExtractions_20250820.CSV
---------------------------------------------
no issues

DataHut_SI_Mercator_PriceExtractions_20250820.CSV
------------------------------------------------
no issues


DataHut_AT_Fressnapf_PriceExtractions_20250820.CSV
-------------------------------------------------
no issues

DataHut_AT_Interspar_PriceExtractions_20250820.CSV
--------------------------------------------------
1.regular price and selling price is 0.00 for 4 rows
2.site shown uom contains comma

DataHut_AT_Denns_FlyerExtractions_20250820.csv
----------------------------------------------
"promotion valid upto 
found as 02.09 in page 2.

flyer url

https://view.publitas.com/92439/2395145/pdfs/8e325fc9-6d3a-43e5-b825-39fd9cd473a2.pdf?response-content-disposition=attachment%3B+filename%2A%3DUTF-8%27%27Handzettel%2520%25C3%2596sterreich%2520-%2520Denns_BioMarkt_12s_HZ_AU_kw_33-34_2025.pdf


data url

http://192.81.217.205:8000//Tcs_aldi_data/Austria/flyer_csv_files_2025_08_20/DataHut_AT_Denns_FlyerExtractions_20250820.CSV

pdf url
http://192.81.217.205:8000//Tcs_aldi_data/Austria/flyer_pdf_2025_08_20/denns/DataHut_AT_Denns_FlyerExtractions_20250820.PDF
"


DataHut_AT_Interspar_FlyerExtractions_20250820.csv
-------------------------------------------------
"promotion valid upto 
of line 1 found as 17.09
in page 13,14.

flyer url

https://flugblatt.spar.at/salzburg/spar/250821-1-flugblatt-kw-34/GetPDF.ashx

pdf url
http://192.81.217.205:8000//Tcs_aldi_data/Austria/flyer_pdf_2025_08_20/interspar/DataHut_AT_Interspar_FlyerExtractions_20250820_1.PDF

data url

http://192.81.217.205:8000//Tcs_aldi_data/Austria/flyer_csv_files_2025_08_20/DataHut_AT_Interspar_FlyerExtractions_20250820.CSV"

DataHut_AT_Lidl_FlyerExtractions_20250820.csv
---------------------------------------------
1."promotion valid from found as
18.08 in page number 45.

flyer url
https://object.storage.eu01.onstackit.cloud/leaflets/pdfs/0198a200-bc27-705a-a8cd-623aa1bdec04/Ab-Donnerstag-21-8-Flugblatt-10.pdf

pdf url

http://192.81.217.205:8000//Tcs_aldi_data/Austria/flyer_pdf_2025_08_20/lidl/DataHut_AT_Lidl_FlyerExtractions_20250820.PDF

data url

http://192.81.217.205:8000//Tcs_aldi_data/Austria/flyer_csv_files_2025_08_20/DataHut_AT_Lidl_FlyerExtractions_20250820.CSV


2.promotion valid upto found as 
01.10.2025 in page number 33.



flyer url
https://object.storage.eu01.onstackit.cloud/leaflets/pdfs/0198a200-bc27-705a-a8cd-623aa1bdec04/Ab-Donnerstag-21-8-Flugblatt-10.pdf

pdf url

http://192.81.217.205:8000//Tcs_aldi_data/Austria/flyer_pdf_2025_08_20/lidl/DataHut_AT_Lidl_FlyerExtractions_20250820.PDF

data url

http://192.81.217.205:8000//Tcs_aldi_data/Austria/flyer_csv_files_2025_08_20/DataHut_AT_Lidl_FlyerExtractions_20250820.CSV


DataHut_IT_Esselunga_FullDump_20250820.CSV
------------------------------------------
1."file names are empty,

brand is not empty"

2."date found aas
2025-08-18'"

3."changes in price and price per unit
found.

https://spesaonline.esselunga.it/commerce/nav/drive/store/prodotto/212065/splendid-classico-espresso-100-capsule-compatibili-con-macchine-nespresso


https://spesaonline.esselunga.it/commerce/nav/drive/store/prodotto/212538/splendid-ristretto-12-30-capsule-caffe-compatibili-con-macchine-nespresso-original-156g

https://spesaonline.esselunga.it/commerce/nav/drive/store/prodotto/212539/splendid-barista-13-30-capsule-caffe-compatibili-con-macchine-nespresso-original-156-g"

4."date format found wrong
found as 10/09/2025 format

https://spesaonline.esselunga.it/commerce/nav/drive/store/prodotto/676321/perlana-detersivo-per-delicati-28-lavaggi"

5.| is replaced with \\| in country of origin and recycling_information 

DataHut_IT_Easycoop_FullDump_20250820.CSV
----------------------------------------
1.filenames are empty
2."extraction date is
  '2025-08-19'

3."price per unit found 
changed

https://www.easycoop.com/banane-bio-4-5-fr-g-800-ca-2643420.html"

4."promotion validity
expired, so price change found
2025-08-17 (Count: 11)
 2025-08-18 (Count: 209)
 2025-08-19 (Count: 264)

eg:
https://www.easycoop.com/coop-crocchette-vegetali-a-base-di-spinaci-e-tofu-biologiche-2-x-95-g-7486121.html


https://www.easycoop.com/bov-strac-pizz-jubatti-200g-sv-7962701.html"

DataHut_IT_Conad_FullDump_20250820.CSV
-------------------------------------
1.data count difference found (5717)
2.price per unit found as
""0.00 €/Kg"" in data,
""8,92 € / Kg"" in site

https://spesaonline.conad.it/p/cottin-tavola-al-vapore-tris-di-cavoli-250-g--50320960

store address ""35010 CARMIGNANO DI BRENTA VIA POSTUMIA, 15, CARMIGNANO DI BRENTA, 35010""

https://spesaonline.conad.it/p/melone-a-cubetti-230-g-conad--10853618"

3.file names are empty


DataHut_SI_Dm_FullDump_20250821.CSV
-----------------------------------
"1.'drained_weight', 'nutritions', 'vitamins', 'instructions', 'price_was', 'promotion_price'] are not empty

2.'dimensions','competitor_product_key', 'retail_limit and file names are empty"

3."logical error found.
price was and selling price found as 
""0.00"" and selling price found as ""6.95""
https://www.dm.de/l-oreal-paris-excellence-creme-haarfarbe-nude-6u-universal-dunkelblond-p3600524000097.html"

4.instock true only

5."invalid image url found.
"" https://products.dm-static.com/f_auto,q_auto,c_fit,w_1200,h_1200/not-found (Count: 4)
""https://www.dm.de/dreamies-katzenleckerli-mit-katzenminze-p5998749142363.html"

DataHut_AT_Billa_FullDump_20250821.CSV
--------------------------------------
"1.site shown uom is
""22 Waschgang Beutel
"" but grammage unit is
stuck

https://shop.billa.at/produkte/frosch-waschmittel-universal-00772746


2.site shown uom is ""20 Beutel Paket"" but grammage unit is stuck

https://shop.billa.at/produkte/teekanne-foursenses-alpenkraeuter-00892452
"

3."file_names and retail_limit
are empty"

4."product description found as paragraph

https://shop.billa.at/produkte/fa-pink-passion-deospray-00871705"

5."site shown uom is 
missing for 7 rows"

