DataHut_AT_Fressnapf_PriceExtractions_20250528.CSV
-------------------------------------------------
"grammage quantity
wrong.
in site found as 250g and in data 500g.
but price is taken for 250g.
http://192.81.217.205:8000/QA_TEMPLETES/index.html?collection=tcs%3Aaldi_austria%3Aprice-daily%3Afressnapf&fieldname=pdp_url&fieldvalue=https%3A//www.fressnapf.at/p/aniforte-bierhefe-pulver-500g-250-g-1665877/


same issue
in site it is 6x800g,but in data it is taken as 6x400g and
price is taken for 6x400g.
https://www.fressnapf.at/p/aniforte-nassfutter-greenfieldturkey-pute-6-x-400-g-1422189/"

DataHut_AT_Mpreis_PriceExtractions_20250528.CSV
----------------------------------------------
1."logical error.
grammage quantity and
unit found as 6 stuck.
price_per unit found as
2.99€ /Stk.
SP ana RP found as 2.99€ .
http://192.81.217.205:8000/QA_TEMPLETES/index.html?collection=tcs%3Aaldi_austria%3Aprice-daily%3Ampreis&fieldname=pdp_url&fieldvalue=https%3A//www.mpreis.at/shop/p/ballons-happy-birthday-609177"
2.site_shown_uom is missing for 492 fields.

DataHut_AT_Bipa_PriceExtractions_20250528.CSV
---------------------------------------------
no issues

DataHut_AT_Dm_PriceExtractions_20250528.CSV
------------------------------------------
"in site_shown_uom fields
some values contains dot 
and others contains comma.
eg:  12,5 g ,16.5 g "

baity_bah_2025_06.json
----------------------
no issues

bahrainfinder_bah_2025_06.json
------------------------------
furnished, depth are not empty

DataHut_IT_Conad_PriceExtractions_20250528.json
---------------------------------------------
site shown uom contains comma


DataHut_IT_Esselunga_PriceExtractions_20250528.CSV
-------------------------------------------------
1.unique id is not unique
2.extraction date found as 2025-05-27
3."promotion valid upto expired.
26/05/2025, so price change found
http://192.81.217.205:8000/QA_TEMPLETES/index.html?collection=tcs%3Aaldi_italy-weekly%3Aesselunga&fieldname=pdp_url&fieldvalue=https%3A//spesaonline.esselunga.it/commerce/nav/drive/store/prodotto/707926/tipperary-dry-aged-irish-club-steak

4.grammage quantity and unit not found in site, but found in data
https://spesaonline.esselunga.it/commerce/nav/drive/store/prodotto/641116/my-giftcard-plus-carta-virtuale-da-25-euro"

DataHut_AT_Mueller_FullDump_20250529.CSV
---------------------------------------
"image fields are found
file names not found"

DataHut_AT_Dm_FullDump_20250529.CSV
-----------------------------------
no issues

DataHut_AT_Mpreis_FullDump_20250529.CSV
--------------------------------------
1.file name empty
but image url found
2.site_shown_uom missing for 427 entries.

DataHut_AT_Bipa_FullDump_20250529.CSV
------------------------------------
1."6 image fields contains value
but all file names are empty"
