DataHut_SI_Trgovinejager_PriceExtractions_20250224.CSV
------------------------------------------------------
1.data contains both selling_price
and regular price. site only have single value(sp)
line 3105
url https://www.trgovinejager.com/kmetijsko-gozdarski-program/Traktor-Lovol-M754---75-HP/

same issue
line 5899
url https://www.trgovinejager.com/plenice-otroski-robcki/PAMPERS-PREMIUM-5JUNIOR-441/


line 6786
url https://www.trgovinejager.com/zacimbe-disave-dodatki-jedem/MESANICA-ZA-ZREZKE-V-SMETANOVI-OMAKI-42G/




DataHut_SI_Hitrinakup_PriceExtractions_20250224.CSV
---------------------------------------------------
no issues

DataHut_CH_Lidl_PriceExtractions_20250224.CSV
-----------------------------------------------

no issues 


DataHut_HU_Tesco_PriceExtractions_20250224.CSV
----------------------------------------------
no issues

DataHut_HU_Auchan_PriceExtractions_20250224.CSV
----------------------------------------------
no issues



daily_check.py code changed
---------------------------
along with the previous code added

1. code for to print the column names
  and length of column

2. sum of the count of unique_id,and count of unique_id

3.sum of count of breadcrumbs which are unique.




indeed.ae_2025_02_24_04.csv
---------------------------
1.salary details found along
with job details
line 3740
url https://ae.indeed.com/viewjob?jk=a39cd57141c0b0ef&from=serp&vjs=3

2.Found 1,2,3 and . infront of
some job titles


dubizzle_egp_2025_02_04.json
----------------------------
no issues


dubizzle_uae_2025_02_04.json
----------------------------
listed_by is empty