DataHut_HU_Wolt_PriceExtractions_20250613.CSV
---------------------------------------------
no issues

DataHut_HU_Tesco_PriceExtractions_20250613.CSV
-----------------------------------------------
no issues

DataHut_AT_Fressnapf_PriceExtractions_20250613.CSV
--------------------------------------------------
"1.grammage quantity found as
60x90 50 stuck.
http://192.81.217.205:8000/QA_TEMPLETES/index.html?collection=tcs%3Aaldi_austria%3Aprice-daily%3Afressnapf&fieldname=pdp_url&fieldvalue=https%3A//www.fressnapf.at/p/anione-training-pads-60x90-50-stueck-1309637/

2.grammage quantity wrong
found as 7+3.5kg in data, 3.5kg in site
http://192.81.217.205:8000/QA_TEMPLETES/index.html?collection=tcs%3Aaldi_austria%3Aprice-daily%3Afressnapf&fieldname=pdp_url&fieldvalue=https%3A//www.fressnapf.at/p/royal-canin-indoor-7-35-kg-1003121011/

3..grammage quantity wrong
found as 7+ 10 kg in data,10kg  in site and also price is taken for 10kg only
http://192.81.217.205:8000/QA_TEMPLETES/index.html?collection=tcs%3Aaldi_austria%3Aprice-daily%3Afressnapf&fieldname=pdp_url&fieldvalue=https%3A//www.fressnapf.at/p/royal-canin-outdoor-7-10-kg-1050694/"


DataHut_AT_Dm_PriceExtractions_20250613.CSV
-------------------------------------------
"in site_shown_uom fields
some values contains dot 
and others contains comma.
eg:  0,012kg ,16.5 g "

DataHut_AT_Bipa_PriceExtractions_20250613.CSV
--------------------------------------------
no issues

DataHut_AT_Mpreis_PriceExtractions_20250613.CSV
-----------------------------------------------
"1.promotion description found n data 
and site as 16%, but promotion price,
selling price and regular price is same in data.
as 11.99.  but in site discounted price found and is 
9.99
http://192.81.217.205:8000/QA_TEMPLETES/index.html?collection=tcs%3Aaldi_austria%3Aprice-daily%3Ampreis&fieldname=pdp_url&fieldvalue=https%3A//www.mpreis.at/shop/p/alpenkohle-premium-grillbriketts-601420


2.same issue.
promotion description found n data 
and site as 40%, but promotion price,
selling price and regular price is same in data.
as 9.99.  but in site discounted price found and is 
5.49.
http://192.81.217.205:8000/QA_TEMPLETES/index.html?collection=tcs%3Aaldi_austria%3Aprice-daily%3Ampreis&fieldname=pdp_url&fieldvalue=https%3A//www.mpreis.at/shop/p/silberquelle-apfel-gespritzt-6-x-15-liter-106569"

3."breadcrumb in site found as 
Startseite > Getränke > Bier > alkoholfreies Bier > Alkoholfrei Kiste 20x 0,5 Liter 
and in data it is found as 
Startseite > Getränke > Bier > alkoholfreies Bier > Alkoholfrei Kiste 20x 0,5 Liter (Mehrweg)
same for other product having Mehrweg tag

eg:http://192.81.217.205:8000/QA_TEMPLETES/index.html?collection=tcs%3Aaldi_austria%3Aprice-daily%3Ampreis&fieldname=pdp_url&fieldvalue=https%3A//www.mpreis.at/shop/p/schwechater-bier-20x05l-kiste-103516"

4.site_shown_uom is missing for 521 fields.

DataHut_AT_Interspar_PriceExtractions_20250613.CSV
--------------------------------------------------
1."site shown uom found as 
x2. eg:
product name is Sodastream Glasflaschen Duo 1L x 2
http://192.81.217.205:8000/QA_TEMPLETES/index.html?collection=tcs%3Aaldi_austria%3Aprice-daily%3Ainterspar&fieldname=pdp_url&fieldvalue=https%3A//www.interspar.at/shop/lebensmittel/sodastream-glasflaschen-duo-1l-x-2/p/2020003525827"

2."price found as 0.00
http://192.81.217.205:8000/QA_TEMPLETES/index.html?collection=tcs%3Aaldi_austria%3Aprice-daily%3Ainterspar&fieldname=pdp_url&fieldvalue=https%3A//www.interspar.at/shop/haushalt/miraplast-ablagekorb-a5/p/2020004229380"

DataHut_AT_Billa_PriceExtractions_20250613.CSV
----------------------------------------------
no issues

DataHut_AT_Mueller_PriceExtractions_20250613.CSV
------------------------------------------------
no issues


DataHut_SI_Dm_PriceExtractions_20250613.CSV
-------------------------------------------
"site shown uom contains both 
dot and comma separated values.
eg:0,25 kg,1.020 g"


DataHut_SI_Spar_PriceExtractions_20250613.CSV
--------------------------------------------
1."site shown uom found as
""g"" in data. 1kg in site
http://192.81.217.205:8000/QA_TEMPLETES/index.html?collection=tcs%3Aaldi_slovenia%3Aprice-daily%3Aspar&fieldname=pdp_url&fieldvalue=https%3A//www.spar.si/online/zelje-mlado-1kg/p/663521"

2."grammage quantity found as
1kg in site, 1 kos in data.
http://192.81.217.205:8000/QA_TEMPLETES/index.html?collection=tcs%3Aaldi_slovenia%3Aprice-daily%3Aspar&fieldname=pdp_url&fieldvalue=https%3A//www.spar.si/online/zelje-mlado-1kg/p/663521"

DataHut_SI_Mercator_PriceExtractions_20250613.CSV
------------------------------------------------
no issues

DataHut_AT_Mueller_FullDump_20250612.CSV
----------------------------------------
1."file_name_4', 'file_name_2', 'file_name_1', 'file_name_5', ' 'file_name_6', 'file_name_3'
are empty"

2.product description is paragraph
'

DataHut_AT_Billa_FullDump_20250612.CSV
-------------------------------------
1."file_name_1', 'retail_limit', 'file_name_2', 'file_name_3', 'file_name_5', 'file_name_6', 'file_name_4'
are empty"
2.product description found as paragraph
3."site shown uom is
""10 g Beutel"",but 
grammage unit is gram
http://192.81.217.205:8000/QA_TEMPLETES/index.html?collection=tcs%3Aaldi_austria-weekly%3Abilla&fieldname=pdp_url&fieldvalue=https%3A//shop.billa.at/produkte/biovegan-eiweissersatz-00717697"
"

machinerytrader_2025_06_13.csv
-----------------------------
"1.BreakoutForce
found as dot and comma
value
 eg:6,543.4 lb

2.capacity field have both dot
and comma separated value
 eg:2,222.22 cu yd

3.CentrifugalForce field contains both comma and dot separated values

4.text found in company number
eg:+1 905-857-6200 ext. 1
http://192.81.217.205:8000/QA_TEMPLETES/index.html?collection=mascus-daily%3Amachinerytrader&fieldname=url&fieldvalue=https%3A//www.machinerytrader.com/listing/for-sale/243327995/2005-ford-f550-xl-sd-dump-trucks

5.FrontAxleLbs found as 11,999.76 lb(dot and comma separated)
6.GrossVehicleWeight found as 29,500.06 lb 

https://www.machinerytrader.com/listing/for-sale/243937241/1995-international-4700-dump-trucks

7.horse power contains both dot and comma separated values.
eg:1,462 HP ,120.7 HP

8.liftcapacity contains both dot and comma in single value
4,078.5 lb 

9.OperatingWeight  found as 1,962.11 lb
eg:https://www.machinerytrader.com/listing/for-sale/243384921/2023-jq-power-jq400-mini-skid-steers

10.RearAxleLbs found as 17,500.29 lb
11.Tipload found as 21,164.4 lb

12.Vin and VIN fields found
 
13.ShippingWeight found as 19,246.6 lb"

14."two category column found.
Category and category"

15.price field contains comma
16.number of fields is 633