DataHut_AT_Dm_PriceExtractions_20250709.CSV
-------------------------------------------
no issues

DataHut_AT_Bipa_PriceExtractions_20250709.CSV
--------------------------------------------
1.breadcrumb found as 
""Startseite"" in data,empty
is site
https://www.bipa.at/p/B3-439783

https://www.bipa.at/p/B3-543233

https://www.bipa.at/p/B3-774462"

2."site shown uom found as
""15 Packungen"" but 
grammage quantity and unit is 15 stuck

https://www.bipa.at/p/B3-5008"

DataHut_SI_Dm_PriceExtractions_20250709.CSV
------------------------------------------
no issues

DataHut_SI_Spar_PriceExtractions_20250709.CSV
---------------------------------------------
no issues

DataHut_SI_Mercator_PriceExtractions_20250709.CSV
------------------------------------------------
"1.grammage quantity and unit wrong,
diaper capacity is taken as grammage unit and quantity
https://mercatoronline.si/izdelek/19102368/pampers-hlacne-plenice-maxi-pack-s3-6-11-kg-56-1

2.grammage quantity wrong. found as 20g in data, 100+20g in site, and price is also taken for 120g
https://mercatoronline.si/izdelek/16585168/narezek-savinjski-zelodec-z-apos-dezele-pakirano-100-g-20-g-gratis-maxx"

DataHut_SI_Spar_FullDump_20250710.CSV
-------------------------------------
1."file names and 
producthierarch_level7 are empty.

2.extraction date 2025-07-09

3.image urls present, file names are empty

DataHut_SI_Dm_FullDump_20250710.CSV
----------------------------------
1."Domov > Nega in dišave > Nega za moške > Moški geli za tuširanje
in data only Domov in site.
https://www.dm.si/balea-men-gel-za-tusiranje-z-oljem-planinskega-bora-in-metinim-kompleksom-p4067796168365.html"

2.image urls present, file names are empty

DataHut_IT_Easycoop_PriceExtractions_20250709.CSV
------------------------------------------------
"1.promotion valid upto 
 found as
""2025-07-08 ""
in data, 07-11 in site.
https://www.easycoop.com/grana-padano-dop-riserva-oltre-20-mesi-100-g-4444668.html

2.promotion expired so price change found
https://www.easycoop.com/ragu-romagnolo-180g-spadoni-7818536.html

https://www.easycoop.com/coop-polpa-scelta-macinata-di-scottona-bovino-adulto-300-g-7581768.html

https://www.easycoop.com/fileni-fileni-bio-salsiccia-con-pollo-e-tacchino-biologica-0-300-kg-4496946.html

3.promotion valid upto found as ""2025-07-08"" in data,
 09/07 in site.
https://www.easycoop.com/coop-fettine-sottili-scelte-di-scottona-bovino-adulto-250-g-ca-7580905.html"

4.price per unit is taken as 0.00 €/LT in data, missing in site. 
https://www.easycoop.com/gaza-cola-250ml-7972449.html

5.price_per_unit wrong. found as ""19.12 €/KG"" in data,23.90 €/KG
in site
https://www.easycoop.com/parmareggio-parmareggio-parmigiano-reggiano-dop-oltre-22-mesi-3812190.html"

6."date found as
'2025-07-08'"

DataHut_IT_Conad_PriceExtractions_20250709.CSV
----------------------------------------------
"1.price per unit
found as 0,01 € / Kg in site,
0.00 € / Kg in data
https://spesaonline.conad.it/p/pizza-margherita-megic-380g--V_16464601_C

2.price per unit found as 0.00 € / Kg, grammage quantity and unit is 500g,
but price found as 1,78€
https://spesaonline.conad.it/p/limoni-eureka-argentina-cal-4-500-g-percorso-qualita-conad--10578538


3.logic mistake, grammage quantity and unit found as 0.06mlbut in product name and image is found as 60ml.
product name found as ""Enervit Liquid Gel Lemon Flavour 60 ml""
https://spesaonline.conad.it/p/enervit-liquid-gel-lemon-flavour-60-ml--10920133"

DataHut_CH_Lidl_PriceExtractions_20250709.CSV
--------------------------------------------
no issues


DataHut_AT_Billa_PriceExtractions_20250709.CSV
----------------------------------------------
1.competitor "found as ""bilila
""for one row.
line 44
https://shop.billa.at/produkte/zuccato-extragrosse-oliven-00105498
"

2."grammage unit found as 
gG for one row.
line 4
https://shop.billa.at/produkte/hutesa-oliven-gruen-ohne-kern-00100767
"
3."currency found as
""eur""for one row.
line 12338
https://shop.billa.at/produkte/handl-tyrol-bauchspeck-tiroler-speck-gga-0098202
"

DataHut_AT_Mueller_PriceExtractions_20250708.csv
------------------------------------------------
1."DataHut_AT_Mueller_PriceExtractions_20250708.csv

file name wrong.
date found as 08 and csv is in small letters"

2."selling price contains comma 
insted of dot.
eg:3,10
https://www.mueller.at/p/guetermann-allesnaeher-100-m-6167034573/?itemId=73715
"

DataHut_AT_Mpreis_PriceExtractions_20250709.CSV
-----------------------------------------------
1."site shown uom found as 
1
line 11382
https://www.mpreis.at/shop/p/tv-media-705800

2.competitor name "missing for one row
line 4
https://www.mpreis.at/shop/p/guylian-assortment-geschenkbox-167340

3."extraction date 
found as ""2025-06-09""
for single row
line 10577
https://www.mpreis.at/shop/p/standard-samstag-704914
"

Datahut_AT_Interspar_PriceExtractions_20250709.CSV
--------------------------------------------------
1."wrong file name
""Datahut_AT_Interspar_PriceExtractions_20250709.CSV""
h small in datahut"

2.site shown uom found as  x 2
line 12179
https://www.interspar.at/shop/lebensmittel/sodastream-glasflaschen-duo-1l-x-2/p/2020003525827
"

3.competetitor is "intespar for line 285
https://www.interspar.at/shop/weinwelt/poderi-aldo-conterno-barolo-docg-bussia-2018/p/2020005010741
"

4."product name foundas
""Zipfer Hops alkoholfrei 6x0.33l 1 980 ML  ohne Pfand
""in data,
Zipfer Hops alkoholfrei 6x0,33l
1 980 ML EINWEG ohne Pfand"" in site
line 3361
https://www.interspar.at/shop/lebensmittel/zipfer-hops-alkoholfrei-6x033l/p/2020002907471
"

5."regular price and selling price is 0.00
for two rows
line 22760(no price found in site)
https://www.interspar.at/shop/haushalt/miraplast-ablagekorb-a5/p/2020004229380

line 33109
https://www.interspar.at/shop/lebensmittel/philadelphia-so-leicht-kraeuter/p/6931155
"


DataHut_AT_Fresnapf_PriceExtractions_20250709.CSV
-------------------------------------------------
"1.grammage quantity found as 4kg
in data, price_per unit is €19.49/kg
price is 19.49. product name is
""ARDAP Spot-On für Kleintiere von 1-4 kg""
line 7657
https://www.fressnapf.at/p/ardap-spot-on-fuer-kleintiere-von-1-4-kg-1201690/


2.grammage quantity found as 500g in data,
found as 250g in site. and price is taken for 250g

line 10631
https://www.fressnapf.at/p/aniforte-bierhefe-pulver-500g-250-g-1665877/

3..grammage quantity found as 6 x 400g in data,
6 x 800g in site
line 10563
https://www.fressnapf.at/p/aniforte-nassfutter-greenfieldturkey-pute-6-x-400-g-6x800-g-1422189/
"

4."filename wrong
DataHut_AT_Fresnapf_PriceExtractions_20250709.CSV
s is missing in fressnapf"