DataHut_AT_Fressnapf_PriceExtractions_20250324.CSV
-------------------------------------------------
grammage_quantity wrong.
age is taken along with grammage_quantity.

https://www.fressnapf.at/p/royal-canin-medium-ageing-10-15-kg-1003112018/

https://www.fressnapf.at/p/royal-canin-medium-ageing-10-3-kg-1002985009/

https://www.fressnapf.at/p/purina-one-bifensis-senior-11-750-g-1396862/

https://www.fressnapf.at/p/royal-canin-maxi-adult-5-15-kg-1003112005/

DataHut_AT_Dm_PriceExtractions_20250324.CSV
-------------------------------------------
no issues

DataHut_AT_Mpreis_PriceExtractions_20250324.CSV
------------------------------------------------
no issues

DataHut_SI_Dm_PriceExtractions_20250324.CSV
--------------------------------------------
no issues

DataHut_SI_Hitrinakup_PriceExtractions_20250324.CSV
---------------------------------------------------
no issues

DataHut_SI_Spar_PriceExtractions_20250324.CSV
---------------------------------------------
no issues

DataHut_SI_Mercator_PriceExtractions_20250324.CSV
------------------------------------------------
no issues

DataHut_UK_Next_FullDump_20250325.CSV
------------------------------------
no issues