DataHut_AT_Mpreis_PriceExtractions_20250808.CSV
----------------------------------------------
site shown uom missing for 563 rows

DataHut_AT_Bipa_PriceExtractions_20250808.CSV
---------------------------------------------
no issues

DataHut_AT_Interspar_PriceExtractions_20250808.CSV
-------------------------------------------------
"1.grammage quantity taken wrong. eg: 15 stuck in data. price taken for 1 stuck. 

https://www.interspar.at/shop/lebensmittel/simpex-basic-celebration-holz-messer-15-stk/p/2020003666292 

2.capacity is taken as grammage quantity and unit
https://www.interspar.at/shop/lebensmittel/glasslock-ofenbehaelter-rechteckig-2200ml/p/2020001603565"

3."site shown uom contains
comma
eg:https://www.interspar.at/shop/lebensmittel/eigenmarken/spar-vital-pure-kalium-kapseln-60-stueck/p/2020005034587"

4.regular price and selling price is 0.00 for 4 rows

DataHut_AT_Fressnapf_PriceExtractions_20250808.CSV
--------------------------------------------------
"promotion found in 
site, but promotion description
not found in site, found in data

https://www.fressnapf.at/p/royal-canin-mini-adult-in-sosse-12x85-g-1327897/

https://www.fressnapf.at/p/royal-canin-dachshund-adult-mousse-12x85-g-1239184/"

DataHut_CH_Lidl_PriceExtractions_20250808.CSV
--------------------------------------------
"site shown uom found as 
description in site. missing in data

eg:
https://www.lidl.ch/p/de-CH/rahmspinat/p10039879"

samsclub_2025_08_08.csv
-----------------------
1."float in data type. but some 
prices having two decimal places
and some having single decimal place.

eg:11.9,11.91"

2."found oos in data
but instock in site
https://www.samsclub.com/p/serta-2-pk-cluster-memory-foam-pillow/prod20296650

https://www.samsclub.com/p/igloo-150-quart-maxcold-cooler/P990388934"

DataHut_AT_Lidl_FlyerExtractions_20250808.csv
---------------------------------------------
1."promotion valid from  found as 
03.07.2025 in page 35.

flyer url

https://object.storage.eu01.onstackit.cloud/leaflets/pdfs/01985b18-8cc1-7825-b70a-817c9c5d12cb/Ab-Donnerstag-7-8-Flugblatt-09.pdf

data url
http://192.81.217.205:8000//Tcs_aldi_data/Austria/flyer_csv_files_2025_08_08/DataHut_AT_Lidl_FlyerExtractions_20250808.CSV

2."promotion valid upto  found as 
20.08.2025 in page 35.

flyer url
https://object.storage.eu01.onstackit.cloud/leaflets/pdfs/01985b18-8cc1-7825-b70a-817c9c5d12cb/Ab-Donnerstag-7-8-Flugblatt-09.pdf

data url
http://192.81.217.205:8000//Tcs_aldi_data/Austria/flyer_csv_files_2025_08_08/DataHut_AT_Lidl_FlyerExtractions_20250808.CSV
"

DataHut_AT_Dm_FlyerExtractions_20250808.csv
-------------------------------------------
1."promotion valid from found as 
31.07.2025 in page 11

data url:http://192.81.217.205:8000//Tcs_aldi_data/Austria/flyer_csv_files_2025_08_08/DataHut_AT_Dm_FlyerExtractions_20250808.CSV

flyer url
https://view.publitas.com/87887/2387527/pdfs/6f67c246-461d-4b40-993a-4692e56531a2.pdf?response-content-disposition=attachment%3B+filename%2A%3DUTF-8%27%27dmAT%2520Journal%2520-%2520Journal%2520August%25202025.pdf

2."promotion valid upto found as 
30.09.2025 in page 11

data url:
http://192.81.217.205:8000//Tcs_aldi_data/Austria/flyer_csv_files_2025_08_08/DataHut_AT_Dm_FlyerExtractions_20250808.CSV

flyer url
https://view.publitas.com/87887/2387527/pdfs/6f67c246-461d-4b40-993a-4692e56531a2.pdf?response-content-disposition=attachment%3B+filename%2A%3DUTF-8%27%27dmAT%2520Journal%2520-%2520Journal%2520August%25202025.pdf
"

walmart_2025_08_08.csv
---------------------
1.empty fields "'Plan 4 Price', 'Plan 3', 'Plan 4', 'Plan 3 Price'"
2.data count : 11439
3.['url', 'Item', 'Price', 'Plan 1', 'Plan 1 Price', 'Plan 2', 'Plan 2 Price', 'Plan 3', 'Plan 3 Price', 'Plan 4', 'Plan 4 Price', 'OOS', 'unavailable']
Total number of columns: 13

4.price found as 105.70 in site, 105.7 in data
  https://walmart.com/ip/419636540

DataHut_AT_Mueller_PriceExtractions_20250808.CSV
------------------------------------------------
"regular and selling price anre empty for
24 rows"

DataHut_AT_Dm_PriceExtractions_20250808.CSV
--------------------------------------------
"breadcrumb found as 
""Startseite > dm-med > Nahrungsergänzungsmittel > Vitaminpräparate""
in data
""Startseite"" in site
https://www.dm.at/nature-love-pflanzenstoff-komplex-l-tryptophan-rosenwurz-und-gruentee-p4260488135007.html"

DataHut_AT_Billa_PriceExtractions_20250808.CSV
---------------------------------------------
1."Aktion tag found in site
missing in data

https://shop.billa.at/produkte/voeslauer-prickelnd-00884881

https://shop.billa.at/produkte/voeslauer-mild-00891627

https://shop.billa.at/produkte/voeslauer-ohne-00891647
"
2.site shown uom is missing for 9 rows
in data.

DataHut_SI_Dm_PriceExtractions_20250808.CSV
-------------------------------------------
no issues

DataHut_SI_Mercator_PriceExtractions_20250808.CSV
-------------------------------------------------
"1.grammage quantity and unit found 
as 5g in data, 5g x 1000 in product name

https://mercatoronline.si/izdelek/13194252/rjavi-trsni-sladkor-tims-5-g-x-1000

"
DataHut_SI_Spar_PriceExtractions_20250808.CSV
---------------------------------------------
"site shown uom contains
comma separated values
https://www.spar.si/online/balzam-za-ustnice-protectplus-blistex-425-g/p/415822"