QA-TASK STATUS
*********************
completed
==================
RT
----

tcs_aldi_australia weekly
1 site + validation sheet


TAT
----

tcs_aldi_australia weekly 
  6 sites + validation sheet


FRT
------

Pending
===============


DataHut_AT_Interspar_PriceExtractions_20251010.CSV
-------------------------------------------------
regular_price,selling_price

Data field not available previous :1     current : 2

DataHut_AT_Fressnapf_PriceExtractions_20251010.CSV
DataHut_AT_Cleverleben_PriceExtractions_20251010.CSV
DataHut_AT_Bipa_PriceExtractions_20251010.CSV
DataHut_AT_Billa_PriceExtractions_20251010.CSV

DataHut_SI_Mercator_PriceExtractions_20251010.CSV
DataHut_SI_Spar_PriceExtractions_20251010.CSV

Task        : [tcs:aldi_slovenia:price-daily]-[]-[qa-validation]-[validation sheet checking]
Status      : doing
ETD         : 00:30
Assigned By : revathy
Priority    : p1


