from 28th july to 7th august
----------------------------

DAILY
======
1.DataHut_AT_Billa_PriceExtractions_20250728.CSV
---------------------------------------------
"1.site shown uom is
22 Waschgang Beutel
but grammage quantity
and unit is 1 stuck.
https://shop.billa.at/produkte/frosch-waschmittel-universal-00772746

2.site shown uom is ""2 Beutel Paket""
but grammage quantity
and unit is 1 stuck.
https://shop.billa.at/produkte/dr-oetker-flana-schokopudding-008508

https://shop.billa.at/produkte/dr-oetker-flana-vanillepudding-008528
https://shop.billa.at/produkte/dr-oetker-flana-vanillepudding-008528
3.site shown uom is ""50 Beutel Rolle"" but grammage  unit is stuck

https://shop.billa.at/produkte/clever-muellbeutel-mit-griff-25l-00345571

4.site shown uom is"" 2 Beutel Paket"",but grammage  unit is stuck
https://shop.billa.at/produkte/dr-oetker-flana-schokopudding-008508
https://shop.billa.at/produkte/dr-oetker-flana-vanillepudding-008528


DataHut_AT_Billa_PriceExtractions_20250806.CSV
-----------------------------------------------
1.site shown uom is missing for 7 rows
in data


2.DataHut_CH_Lidl_PriceExtractions_20250728.CSV
---------------------------------------------
"promotion dates not found in site,found
in data

https://sortiment.lidl.ch/de/catalog/product/view/id/19116/s/grillspeck-gewuerzt-paprika--5113308/category/54/

https://sortiment.lidl.ch/de/catalog/product/view/id/13624/s/spezialbier-0031322/category/54/

https://sortiment.lidl.ch/de/catalog/product/view/id/18728/s/galiamelone-0080545/category/54/"

DataHut_CH_Lidl_PriceExtractions_20250801.CSV
--------------------------------------------
1."site shown uom found as 
description in site. missing in data


https://www.lidl.ch/p/de-CH/baguette-croustille/p10039666"

2."regular price and selling price
is empty for 4 rows.
eg:
https://www.lidl.ch/p/de-CH/himbeeren-zum-aktuellen-tagespreis/p10038048"




3.DataHut_AT_Interspar_PriceExtractions_20250728.CSV
-------------------------------------------------
"1.promotion ""5% Rabatt 6 Flaschen""
found in site, missing in data
https://www.interspar.at/shop/weinwelt/hagn-cuve-colloredo-2021/p/2020002644109

same iisue
https://www.interspar.at/shop/weinwelt/lex-langmann-schilcher-klassik-weststeiermark-dac-2024/p/4932659"

2.grammage quantity
wrong, taken from product name.
product name is """"Toppits Zipper Duo Packung 1L und 3L 12x 1L und 8x 3L""""
grammage quantity and unit is 12x 1 l in data.

https://www.interspar.at/shop/lebensmittel/toppits-zipper-duo-packung-1l-und-3l-12x-1l-und-8x-3l/p/2020000701149


3.capacity is taken as grammage quantity and unit
https://www.interspar.at/shop/haushalt/alle-marken/glasslock-bowl-4000-ml/p/2020002412692.

same issue
https://www.interspar.at/shop/haushalt/alle-marken/bosch-waschmaschine-wgg244a20-serie-6-9-kg/p/2020004170774

https://www.interspar.at/shop/haushalt/alle-marken/bosch-waschmaschine-wge0241h-7-kg/p/2020005407312"

4.DataHut_AT_Fressnapf_PriceExtractions_20250730.CSV
-------------------------------------------------
"1.logical error. grammage quantity found as 104kg. price per kg found as € 56,93/kg
and price is found as € 40,99.
https://www.fressnapf.at/p/dogsn-tiger-leckere-stueckchen--huhn-huhn-104-kg-1733883/

2.capacity is taken as grammage quantity
https://www.fressnapf.at/p/flexi-new-classic-gurt-schwarz-l-5-m-50-kg-1267777/"


FULLDUMP
--------

1.DataHut_AT_Interspar_FullDump_20250731.CSV
------------------------------------------
3."""|' replaced by '\\|' in nutritional information.
https://www.interspar.at/shop/lebensmittel/doppelherz-kollagen-1000-biotin-q10-30-tabletten/p/2020003915048"

4."product description
found as paragraph.
and extra character in 
description found
https://www.interspar.at/shop/lebensmittel/spar-alufolie-50-m/p/2020003827426"

5.age_recommendations is not empty.


2.DataHut_AT_Fressnapf_FullDump_20250731.CSV
-----------------------------------------
"1.dimensions is not empty.

2.file_names and netcontent are empty."

3."product descriprtion 
found as paragraph

https://www.fressnapf.at/p/bettys-landhauskueche-frischebeutel-huhn-pur-mit-borretschoel-12x-100g-fuer-katze-2046460/"

4."grammage qunatity taken wrong. 400g in data,product name contains
2x400g and price taken for 2X400 g.

https://www.fressnapf.at/p/beaphar-multi-frisch-fuer-katzentoiletten-400g-2xfrische-brise-2x-1332868/"

5."replaced by '\\|' in special nutrition purpose

https://www.fressnapf.at/p/wolfsbacher-natur-bio-barf-oel-1-l-1678075/"

6."also image url with png
format found.

https://www.fressnapf.at/p/nobleza---kuehlmatte-print-fuer-hunde-und-katzen-m-1869403/"




pf
==
servicesbahrain_bah_2025_08.json
-------------------------------
"1.invalid telephone number
found in data, but same found in site.
eg:0,973NA,0000000 etc"


emlakjet_tur_2025_08.json
------------------------
"1.agent name found as phone number,dots,comma
and other values.
https://www.emlakjet.com/ilan/uskudar-bulgurlu-da-firsat-satilik-31-daire-17559251/

2.bed rooms found as 1.5+1,2.5+1 etc
https://www.emlakjet.com/ilan/denize-2-parsel-yolun-alti-mustakil-1250-m2-arsali-villa-17687422/

3.broker name and broker_display_name are found as phone numbers
https://www.emlakjet.com/ilan/satilik-zeytinlik-17446351/

4.price field is having more than one dot.
eg:1.185.000.000 
https://www.emlakjet.com/ilan/riva-gymdn-mugla-datca-kizlan-turizm-ve-tatil-koyu-imarli-17219321/

5.user id is missing for 122 rows."

baity_bah_2025_08.json
---------------------
"1.property not available
https://baity.bh/properties/apartment-in-al-juffair-34514

https://baity.bh/properties/land-in-tubli-40280

https://baity.bh/properties/villa-in-maqabah-33057

https://baity.bh/properties/apartment-in-al-juffair-35676

2.phone number found in site, empty in data
https://baity.bh/properties/villa-in-damistan-32653

https://baity.bh/properties/land-in-hamala-32672"




Flyer
-----
DataHut_AT_Lidl_FlyerExtractions_20250804.csv
---------------------------------------------
1."promotion valid from of line 2 found as 
03.07.2025 in page 35.

flyer_url is
https://object.storage.eu01.onstackit.cloud/leaflets/pdfs/01985b18-8cc1-7825-b70a-817c9c5d12cb/Ab-Donnerstag-7-8-Flugblatt-03.pdf

data url
http://192.81.217.205:8000//Tcs_aldi_data/Austria/flyer_csv_files_2025_08_04/DataHut_AT_Lidl_FlyerExtractions_20250804.CSV"

2."promotion valid upto of line 2 found as 
20.08.2025 in page 35.

flyer_url is
https://object.storage.eu01.onstackit.cloud/leaflets/pdfs/01985b18-8cc1-7825-b70a-817c9c5d12cb/Ab-Donnerstag-7-8-Flugblatt-03.pdf

data url
http://192.81.217.205:8000//Tcs_aldi_data/Austria/flyer_csv_files_2025_08_04/DataHut_AT_Lidl_FlyerExtractions_20250804.CSV"

