DataHut_AT_Billa_PriceExtractions_20250825.CSV
---------------------------------------------
"1.site shown uom found as 
""2 Beutel Paket"" but grammage unit is stuck.

https://shop.billa.at/produkte/dr-oetker-flana-schokopudding-008508

https://shop.billa.at/produkte/dr-oetker-flana-vanillepudding-008528

2.site shown uom is ""20 Beutel Paket""  but grammage unit is stuck.

https://shop.billa.at/produkte/teekanne-foursenses-alpenkraeuter-00892452

https://shop.billa.at/produkte/teekanne-foursenses-beerenauslese-00892455

https://shop.billa.at/produkte/teekanne-foursenses-hochland-gruentee-00892457

https://shop.billa.at/produkte/teekanne-foursenses-royal-earl-grey-00892458

3.aktion tag found in site, missing in data

https://shop.billa.at/produkte/roemerquelle-prickelnd-00431861
https://shop.billa.at/produkte/roemerquelle-still-00431869"

4.site shown uom is missing for 9 rows
in data.

DataHut_SI_Mercator_PriceExtractions_20250825.CSV
-----------------------------------------------
no issues


DataHut_SI_Spar_PriceExtractions_20250825.CSV
--------------------------------------------
"site shown uom contains comma

https://www.spar.si/online/krema-baby-za-ritko-diaper-nivea-100-ml/p/650586"

DataHut_SI_Dm_PriceExtractions_20250825.CSV
-------------------------------------------
"breadcrumb found as
""Domov > Foto > Foto pripomočki > Ideje za fotografije""
in data """"Domov"""" in site


https://www.dm.si/paradies-podloga-z-vpenjalno-sponko-p4066447441871.html

https://www.dm.si/paradies-dekorativna-tabla-s-crkami-love-p4066447266092.html"""


DataHut_AT_Dm_PriceExtractions_20250825.CSV
------------------------------------------
"breadcrumb found as 
""""Startseite > dm-med > Nahrungsergänzungsmittel > Vitaminpräparate""""
in data
""""Startseite"""" in site
https://www.dm.at/nature-love-pflanzenstoff-komplex-l-tryptophan-rosenwurz-und-gruentee-p4260488135007.html"


DataHut_AT_Mpreis_PriceExtractions_20250825.CSV
-----------------------------------------------
site shown uom missing for 576 rows

DataHut_AT_Bipa_PriceExtractions_20250825.CSV
--------------------------------------------
no issues

DataHut_AT_Mueller_PriceExtractions_20250825.CSV
------------------------------------------------
1.pack_size is empty
2."regular and selling price anre empty for
101 rows
"

DataHut_AT_Lidl_FlyerExtractions_20250825.csv
---------------------------------------------
1."promotion valid from
found as 21.8. 2025
in page 23.

flyer url

https://object.storage.eu01.onstackit.cloud/leaflets/pdfs/0198c23a-3b8d-74b8-b226-02de37890cf9/Ab-Donnerstag-28-8-Flugblatt-02.pdf

pdf url

http://192.81.217.205:8000//Tcs_aldi_data/Austria/flyer_pdf_2025_08_25/lidl/

data url

http://192.81.217.205:8000//Tcs_aldi_data/Austria/flyer_csv_files_2025_08_25/DataHut_AT_Lidl_FlyerExtractions_20250825.CSV"

2."promotion valid from
found as 01.10.2025
in page 23.

flyer url

https://object.storage.eu01.onstackit.cloud/leaflets/pdfs/0198c23a-3b8d-74b8-b226-02de37890cf9/Ab-Donnerstag-28-8-Flugblatt-02.pdf

pdf url

http://192.81.217.205:8000//Tcs_aldi_data/Austria/flyer_pdf_2025_08_25/lidl/

data url

http://192.81.217.205:8000//Tcs_aldi_data/Austria/flyer_csv_files_2025_08_25/DataHut_AT_Lidl_FlyerExtractions_20250825.CSV"


DataHut_AT_Penny_FlyerExtractions_20250825.csv
----------------------------------------------
no issues


DataHut_AT_Dm_FullDump_20250828.CSV
-----------------------------------
1."description found as 
paragraph

https://www.dm.at/aptamil-folgemilch-2-bio-nach-dem-6-monat-p4056631003947.html"

2."image url found as 
https://products.dm-static.com/f_auto,q_auto,c_fit,w_1200,h_1200/not-found (Count: 3)

https://www.dm.at/aptamil-folgemilch-2-bio-nach-dem-6-monat-p4056631003947.html"

3."feeding recommendation incomplete.
found complete data in site.

https://www.dm.at/vitakraft-nassfutter-katze-poesie-classique-poultry-choice-p4008239589798.html"


DataHut_AT_Fressnapf_PriceExtractions_20250825.CSV
---------------------------------------------------
no issues


dari_ae_2025_08_04.json
-----------------------
no issues

bayut_uae_project_2025_08_04.json
---------------------------------
no issues

bayut_egp_2025_08_04.json
-------------------------
1.data count in second week is 68170, 4th week is 90429
2."date is not delivery date
found as ""2025-08-25"""

3."2 phone number found in site
but 3 found in data
https://www.bayut.eg/en/property/details-500847752.html"

4.broker_display_name,broker_and depth are not empty.

5."Two new fields ""completion_status"",
""ownership"""

6.price_per is in Monthly,daily,weekly,yearly


DataHut_AT_Interspar_FullDump_20250828.CSV
------------------------------------------
1.age_recommendations is not empty.
2."product description
found as paragraph.

https://www.interspar.at/shop/weinwelt/connemara-peated-12yo/p/2020004035653"

3."|' replaced by '\\\\|' in nutritional information

https://www.interspar.at/shop/lebensmittel/doppelherz-vital-tonikum/p/6604325


""|"" replaced with ""\\|"" in special information

https://www.interspar.at/shop/lebensmittel/yfood-energieriegel-hazelnut-chocolate/p/2020004682253"

4.instock True and false
5."price taken wrong.
found as 59.90 in site
5990.00 in data

https://www.interspar.at/shop/weinwelt/connemara-peated-12yo/p/2020004035653"
