Current Project List
-------------------------------
1 . alcon-poc
2 . amazon-onetime
3 . aviation_analytics-daily
4 . aws_lambda
5 . beeline-daily
6 . beinex-daily
7 . beinex-monthly
8 . beinex-poc
9 . beinex-weekly
10 . datahut
11 . datahut-bimonthly
12 . datahut-daily
13 . datahut-fs
14 . datahut-hourly
15 . datahut-monthly
16 . datahut-onetime
17 . datahut-poc
18 . datahut-quarterly
19 . datahut-weekly
20 . datahut-yearly
21 . datahutmortgage:beeline-daily
22 . datahutmortgage:tomonetworks-daily
23 . delivery_automation
24 . devopstasks
25 . devopstools
26 . dh_alerts
27 . eclerx-poc
28 . ejinnovations-poc
29 . elsevier:mendely-monthly
30 . elsevier:rg-monthly
31 . elsevier:rg-weekly
32 . farcornerinc-poc
33 . feasibility
34 . feasibility_repository
35 . frt_r&d
36 . hydecloset-poc
37 . ifixit-halfyearly
38 . ifixit-onetime
39 . ifixit-poc
40 . ifixit-quarterly
41 . jeannyconsulting-poc
42 . kw-monthly
43 . leadlyticslab-halfyearly
44 . leadlyticslabs-poc
45 . likewise-poc
46 . mascus
47 . mascus-daily
48 . mascus-poc
49 . meesho-monthly
50 . meesho-weekly
51 . meesho:category_tree-monthly
52 . meesho:farmiso-daily
53 . meesho:farmiso-weekly
54 . meesho:limeroad-halfyearly
55 . newbalance-poc
56 . project_resource_projection
57 . propertyfinder
58 . propertyfinder-monthly
59 . propertyfinder-onetime
60 . propertyfinder-poc
61 . propertyfinder-weekly
62 . prostockus-poc
63 . prypco-poc
64 . qatool
65 . quartzy-poc
66 . rbauction-monthly
67 . research
68 . rt_r&d
69 . scrapoxy
70 . sqsmanager
71 . squaretrade-biweekly
72 . squaretrade-hourly
73 . squaretrade-monthly
74 . squaretrade-poc
75 . tallridge-daily
76 . tallridge-hourly
77 . taskmanager
78 . tat_r&d
79 . tcs:ah-weekly
80 . tcs:ahold_delhaize-poc
81 . tcs:aldi_australia
82 . tcs:aldi_australia-poc
83 . tcs:aldi_australia-weekly
84 . tcs:aldi_australia:price-weekly
85 . tcs:aldi_austria
86 . tcs:aldi_austria-monthly
87 . tcs:aldi_austria-weekly
88 . tcs:aldi_austria:flyer-daily
89 . tcs:aldi_austria:flyer-weekly
90 . tcs:aldi_austria:price-daily
91 . tcs:aldi_austria:price-weekly
92 . tcs:aldi_china-poc
93 . tcs:aldi_germany-poc
94 . tcs:aldi_germany-quarterly
95 . tcs:aldi_germany-weekly
96 . tcs:aldi_germany:flyer-weekly
97 . tcs:aldi_hungary-poc
98 . tcs:aldi_hungary-quarterly
99 . tcs:aldi_hungary-weekly
100 . tcs:aldi_hungary:price-daily
101 . tcs:aldi_ireland-poc
102 . tcs:aldi_italy-monthly
103 . tcs:aldi_italy-poc
104 . tcs:aldi_italy-weekly
105 . tcs:aldi_scotland-poc
106 . tcs:aldi_slovenia-monthly
107 . tcs:aldi_slovenia-poc
108 . tcs:aldi_slovenia-weekly
109 . tcs:aldi_slovenia:price-daily
110 . tcs:aldi_switzerland-poc
111 . tcs:aldi_switzerland-weekly
112 . tcs:aldi_switzerland:price-daily
113 . tcs:aldi_uk-monthly
114 . tcs:aldi_uk-poc
115 . tcs:aldi_uk:price-weekly
116 . tcs:aldi_us-poc
117 . tcs:bestbuy-poc
118 . tcs:croma-poc
119 . tcs:cvshealth-monthly
120 . tcs:gpc-monthly
121 . tcs:gpc-poc
122 . tcs:grocereyoutlet_us-poc
123 . tcs:m&s-monthly
124 . tcs:m&s-poc
125 . tcs:m&s-weekly
126 . tcs:r&d-onetime
127 . tcs:r&d-poc
128 . tcs:tata-poc
129 . tcs:walgreens-poc
130 . theconsultants:accessories-monthly
131 . theconsultants:parts-monthly
132 . tomo_networks
133 . tomo_networks-weekly
134 . tools
135 . training
136 . ubiquityretail-monthly
137 . ubiquityretail-onetime
138 . uvaper-poc
139 . validator_report_generator
140 . validatormonitor
141 . xsb-onetime
142 . zenjobs-weekly