pending
------------
ZIP Data_URL :http://192.81.217.205:8000/QA_DATA/propertyfinder-weekly/bayut_uae_2025_01_01.json.zip
ZIP Data_URL :http://192.81.217.205:8000/QA_DATA/propertyfinder-weekly/dubizzle_egp_2025_01_01.json.zip


propertyfinder-weekly/dubizzle_egp_2025_01_01.json.zip
---------------------------------------------------------

1.wrong "phone_number" found.
line 1
url https://www.dubizzle.com.eg/en/ad/شقه-فندقيه-فاخرة-مطله-علي-البحر-مباشر-ID201894873.html"

in data +201029029901
in site +201222640745

same issue 
line 22087
url https://www.dubizzle.com.eg/en/ad/فيلا-توين-هاوس-للبيع-بموقع-متميز-في-مرحلة-جاردن-فيل-مساحة-265-متر-4-غرف-نوم-استلام-فوري-بمقدم-واقساط-على-فترة-طويلة-في-كمبوند-هايد-بارك-ID501349610.html",


2.page not found.
line 42133
url https://www.dubizzle.com.eg/en/ad/lake-view-residence-ID203362197.html

3."scraped_ts":"2025-01-04",
"scraped_ts":"2025-01-07",

"date":"2025-01-04",
"date":"2025-01-07",



propertyfinder-weekly/bayut_uae_2025_01_01.json.zip
---------------------------------------------------


1. 2 phone_number found in site.
one in data
line 44930
url https://www.bayut.com/property/details-10270194.html


same issue
line 378660
url https://www.bayut.com/property/details-10458280.html
found mistake in published_at.
in data "23 December 2024"
in site "24 December 2024"

2.newly added fields

"bln_number","adm_number","3d_live",
 "3d_image","2d_image"

ZIP Data_URL :http://192.81.217.205:8000/QA_DATA/propertyfinder-weekly/aqarmap_egp_2025_01_01.json.zip


propertyfinder-weekly/aqarmap_egp_2025_01_01.json
-----------------------------------------------
1."scraped_ts"and date is having 3 dates:"2025-01-07",
2025-01-03","2025-01-06".

2.depth, listing_type are empty

3.seller_role is empty
4.site unreachable 1,155256 etc
eg urls
url https://aqarmap.com.eg/en/listing/5463753-for-sale-alexandria-el-hanouvel/
https://aqarmap.com.eg/en/listing/5170347-for-sale-port-said-mdyn-bwr-s-yd-port-saaid-city/


http://192.81.217.205:8000/QA_DATA/tcs:aldi_slovenia-monthly/DataHut_SI_Hitrinakup_FullDump_20250109.CSV.zip
http://192.81.217.205:8000/QA_DATA/tcs:aldi_slovenia-monthly/DataHut_SI_Trgovinejager_FullDump_20250109.CSV.zip

tcs:aldi_slovenia-monthly/DataHut_SI_Hitrinakup_FullDump_20250109.CSV
---------------------------------------------------------------------

1.site_shown_uom is same as product_name
