DataHut_AT_Fressnapf_PriceExtractions_20250708.CSV
-------------------------------------------------
"1.grammage quantity found as 4kg
in data, price_per unit is €19.49/kg
price is 19.49. product name is
""ARDAP Spot-On für Kleintiere von 1-4 kg""
http://192.81.217.205:8000/QA_TEMPLETES/index.html?collection=tcs%3Aaldi_austria%3Aprice-daily%3Afressnapf&fieldname=pdp_url&fieldvalue=https%3A//www.fressnapf.at/p/ardap-spot-on-fuer-kleintiere-von-1-4-kg-1201690/

2.grammage quantity found as 500g in data,
found as 250g in site. and price is taken for 250g

http://192.81.217.205:8000/QA_TEMPLETES/index.html?collection=tcs%3Aaldi_austria%3Aprice-daily%3Afressnapf&fieldname=pdp_url&fieldvalue=https%3A//www.fressnapf.at/p/aniforte-bierhefe-pulver-500g-250-g-1665877/


3.grammage quantity found as 1 stuck in data
3 Stückx3 in site.
http://192.81.217.205:8000/QA_TEMPLETES/index.html?collection=tcs%3Aaldi_austria%3Aprice-daily%3Afressnapf&fieldname=pdp_url&fieldvalue=https%3A//www.fressnapf.at/p/8in1-delights-kauringe-haehnchenfleisch-3-stueckx3-1269659/

4.grammage quantity found as 6 x 400g in data,
6 x 800g in site
http://192.81.217.205:8000/QA_TEMPLETES/index.html?collection=tcs%3Aaldi_austria%3Aprice-daily%3Afressnapf&fieldname=pdp_url&fieldvalue=https%3A//www.fressnapf.at/p/aniforte-nassfutter-greenfieldturkey-pute-6-x-400-g-6x800-g-1422189/

5.grammage quantity found as 2kg in data,
product name is ""Applaws Adult Mischfütterungs-Set Applaws Adult Huhn 2kg + Applaws Multipack Adult Huhn Variation 12x70g"" , 2kg+12x70g
http://192.81.217.205:8000/QA_TEMPLETES/index.html?collection=tcs%3Aaldi_austria%3Aprice-daily%3Afressnapf&fieldname=pdp_url&fieldvalue=https%3A//www.fressnapf.at/p/applaws-adult-mischfuetterungs-set-applaws-adult-huhn-2kg--applaws-multipack-adult-huhn-variation-12x70g-1368754/

6.grammage quantity found as 350+1000 ml in data., but is found as capacity.
http://192.81.217.205:8000/QA_TEMPLETES/index.html?collection=tcs%3Aaldi_austria%3Aprice-daily%3Afressnapf&fieldname=pdp_url&fieldvalue=https%3A//www.fressnapf.at/p/petsation-faltbarer-reisenapf-3501000ml-rot-1771157/

7."""grammage quantity and unit found as 8 btl , site shown uom is 
Felix KnabberMix Original & Strandspaß Katzensnacks 2 x 8 Beutel à 60g.

http://192.81.217.205:8000/QA_TEMPLETES/index.html?collection=tcs%3Aaldi_austria%3Aprice-daily%3Afressnapf&fieldname=pdp_url&fieldvalue=https%3A//www.fressnapf.at/p/felix-knabbermix-original--strandspass-katzensnacks-2-x-8-beutel--60g-1364343/"

DataHut_AT_Mpreis_PriceExtractions_20250708.CSV
-----------------------------------------------
1."site shown uom found as 1
http://192.81.217.205:8000/QA_TEMPLETES/index.html?collection=tcs%3Aaldi_austria%3Aprice-daily%3Ampreis&fieldname=pdp_url&fieldvalue=https%3A//www.mpreis.at/shop/p/tv-media-705800"
2."if Einweg or Mehrweg
tag is found in product name,
it was uppend with breadcrumb.
but in site no tag is found in
breadcrumb, onlyproduct name found."
3."price missing in data,
found in site
http://192.81.217.205:8000/QA_TEMPLETES/index.html?collection=tcs%3Aaldi_austria%3Aprice-daily%3Ampreis&fieldname=pdp_url&fieldvalue=https%3A//www.mpreis.at/shop/p/vandal-maeusefalle-2er-packung-303082"

DataHut_AT_Mueller_PriceExtractions_20250708.CSV
------------------------------------------------
no issues

DataHut_CH_Lidl_PriceExtractions_20250708.CSV
-------------------------------------------
1."breadcrumbs contains
Sortiment > Sortiment
for 2684 rows.

eg: Sortiment > Sortiment > Züger Bura"

2."selling price and promotion price is 0.00 for 3 rows.

eg:http://192.81.217.205:8000/QA_TEMPLETES/index.html?collection=tcs%3Aaldi_switzerland%3Aprice-daily%3Alidl&fieldname=pdp_url&fieldvalue=https%3A//sortiment.lidl.ch/de/catalog/product/view/id/16981/s/cereal-balls-5111947/category/54/"

aqarmap_egp_2025_07_02.json
---------------------------
"1.extra character in
bathroom field
eg:2د
http://192.81.217.205:8000/QA_TEMPLETES/index.html?collection=propertyfinder-weekly%3Aaqarmap_egp&fieldname=url&fieldvalue=https%3A//aqarmap.com.eg/en/listing/5727128-for-sale-cairo-mokattam-lhdb-l-ly-shareaa-9/

2..phone number found as ""+20""
eg:http://192.81.217.205:8000/QA_TEMPLETES/index.html?collection=propertyfinder-weekly%3Aaqarmap_egp&fieldname=url&fieldvalue=https%3A//aqarmap.com.eg/en/listing/5954243-for-sale-cairo-el-haram-el-lebeny/

3.site cant have to access, error found

4..phone number found as ""+undefined1552993258""
http://192.81.217.205:8000/QA_TEMPLETES/index.html?collection=propertyfinder-weekly%3Aaqarmap_egp&fieldname=url&fieldvalue=https%3A//aqarmap.com.eg/en/listing/5819945-for-rent-cairo-ain-shams-ain-shams-el-sharkia-el-eshrein-stt/

5."depth', 'seller_role', 'listing_type'
empty"

DataHut_AT_Bipa_FullDump_20250710.CSV
-------------------------------------
1."drained_weight', 'preparationinstructions', 'nutritional_information'
and file names are empty"
2."breadcrumb found as 
""Startseite"" for 3 rows
in data.
but missing in site

https://www.bipa.at/p/B3-439783
https://www.bipa.at/p/B3-543233
https://www.bipa.at/p/B3-774462"

DataHut_AT_Mueller_FullDump_20250710.CSV
----------------------------------------
1.file_names are empty
2.product description is paragraph
3."instructionforuse
and instruction found same for all data"


DataHut_AT_Mpreis_FullDump_20250710.CSV
---------------------------------------
1.file_name_1 is empty
2.date found as 2025-07-07
3.images are in jpg format
4.price found in site, missing in data
https://www.mpreis.at/shop/p/dreh-trink-waldbeere-02-liter-111506

5.aktion tag found in site, missing in data
https://www.mpreis.at/shop/p/lorenz-erdnusslocken-classic-xxl-710895


https://www.mpreis.at/shop/p/hipp-kindermilch-combiotik-24-monat-819383"

6.site shown uom missing for 537 rows

DataHut_AT_Interspar_FullDump_20250710.CSV
------------------------------------------
"1.capacity of material
taken as grammage quantity 
and unit
https://www.interspar.at/shop/haushalt/simpex-professional-koerperanalysewaage-bis-180kg/p/2020001659609

2.change in product name found
Schwechater Bier 500 ML mit Pfand in data, Schwechater
Bier 500 ML EINWEG mit Pfand in site.
also promotion valid upto found as 08-07-2025 in data, ,missing in site.

https://www.interspar.at/shop/lebensmittel/schwechater-bier/p/2020005429116

3.capacity found in the product name is taken as grammage unit and quantity.
https://www.interspar.at/shop/haushalt/4rain-regenfass-dunkelbraun-abnehmbarer-deckel-400-l/p/2020004950291"

4."age_recommendations is not empty.

file_name_1, file_name_2, file_name_3, file_name_4, file_name_5, file_name_6 are empty."

5.description found as paragraph

6."site shown uom found as
""x 2""
https://www.interspar.at/shop/lebensmittel/sodastream-glasflaschen-duo-1l-x-2/p/2020003525827"

7.promotion valid upto found as
07.07.2025 in data 28.07.2025
in site.
https://www.interspar.at/shop/haushalt/s-budget-waeschestaender-schwarz/p/2020004738394

8.promotion valid upto expired found as
07.07.2025 in data, so price change found
https://www.interspar.at/shop/lebensmittel/splendid-badwunder-blau/p/2020002658137

https://www.interspar.at/shop/lebensmittel/splendid-glanzwunder-gruen/p/2020002658113

9.regular price found as 0.00
https://www.interspar.at/shop/haushalt/miraplast-ablagekorb-a5/p/2020004229380"

DataHut_AT_Fressnapf_FullDump_20250710.CSV
-----------------------------------------
"1.grammage quantity found as 4kg
in data, price_per unit is €19.49/kg
price is 19.49. product name is
""""ARDAP Spot-On für Kleintiere von 1-4 kg""

https://www.fressnapf.at/p/ardap-spot-on-fuer-kleintiere-von-1-4-kg-1201690/

2.capacity is taken as grammage quantity
and unit. 1000kg in data, product name is ""Vitakraft MENU Vital Guinea Pigs 1 000 kg""
price per unit is €4.49/kg, price is €4.49.
https://www.fressnapf.at/p/vitakraft-menu-vital-meerschweinchen-1000-kg-1004435/


3.capacity is taken as grammage quantity
and unit. 1000ml in data, product name is
""Petsation Faltbarer Reisenapf 350+1000ml schwarz""
https://www.fressnapf.at/p/petsation-faltbarer-reisenapf-3501000ml-orange-1771156/

4.grammage quantity found as 6 x 400g in data,
6 x 800g in site,
https://www.fressnapf.at/p/aniforte-nassfutter-greenfieldturkey-pute-6-x-400-g-6x800-g-1422189/


5.grammage quantity found as 6 x 400g in data,
4.8kg in site,
https://www.fressnapf.at/p/aniforte-nassfutter-ziege-pur-6-x-400g-48-kg-1422203/"


6.grammage quantity found as 500g in data, 1 kg in site
https://www.fressnapf.at/p/aniforte-barf-complete-500-g-1-kg-1422211/

7."product_description found as
 paragaraph"

8.dimensions is not empty.

9.file names and net_content
are empty"

10."image in png format also. 
eg:https://media.os.fressnapf.com/products-v2/0/0/0/7/0007488abf2f616bd9ef1fab0a696f0e0a044f5d_1310285_0.PNG?t=prod_l"
