DataHut_SI_Spar_PriceExtractions_20250812.CSV
-------------------------------------------
no issues

DataHut_AT_Bipa_PriceExtractions_20250812.CSV
-------------------------------------------
no issues

DataHut_AT_Mueller_PriceExtractions_20250812.CSV
-----------------------------------------------
"regular and selling price anre empty for
41 rows
"

DataHut_AT_Mpreis_PriceExtractions_20250812.CSV
---------------------------------------------
site shown uom missing for 567 rows

DataHut_AT_Dm_PriceExtractions_20250812.CSV
-------------------------------------------
"breadcrumb found as 
""Startseite > dm-med > Nahrungsergänzungsmittel > Vitaminpräparate""
in data
""Startseite"" in site
https://www.dm.at/nature-love-pflanzenstoff-komplex-l-tryptophan-rosenwurz-und-gruentee-p4260488135007.html"

DataHut_CH_Lidl_PriceExtractions_20250812.CSV
---------------------------------------------
"site shown uom found in
description in site. missing in data

https://www.lidl.ch/p/de-CH/cervelas/p10039878"

DataHut_SI_Mercator_PriceExtractions_20250812.CSV
-------------------------------------------
no issues

DataHut_DE_Knuspr_FullDump_20250812.CSV
---------------------------------------
1.image found in svg format

https://cdn.knuspr.de/images/company/knuspr-placeholder.svg (Count: 14)

 https://cdn.knuspr.de/images/company/preussen-placeholder.svg (Count: 3)

2."promotion valid upto found as 
12.9.2025 in data, missing in site

https://www.knuspr.de/11431-almdudler-original-6x1-0-l-einweg




DataHut_DE_Flaschenpost_FullDump_20250812.CSV
---------------------------------------------
"1.price per unit field 
contains double dot separated 
values

eg:36.900.00 €/kg

https://www.flaschenpost.de/p/ostmann/ostmann-safran-gemahlen

2.995.00 €/kg

https://www.flaschenpost.de/p/ostmann/ostmann-feine-vanille-stange

2.price found in site missing in data
https://www.flaschenpost.de/p/verschiedene-og-marken/bio-moehren


3."product not found
https://www.flaschenpost.de/p/zum-dorfkrug/zum-dorfkrug-caesar-salatsauce

https://www.flaschenpost.de/p/zum-dorfkrug/zum-dorfkrug-sylter-salatfrische

https://www.flaschenpost.de/p/henglein/henglein-pizzateig-xxl

https://www.flaschenpost.de/p/lucky-strike/lucky-strike-original-red-king"


DataHut_AT_Penny_FlyerExtractions_20250812.csv
-------------------------------------------------
no issues


DataHut_AT_Lidl_FlyerExtractions_20250812.csv
---------------------------------------------
1."promotion valid from  found as 
03.07.2025 in page 27.

flyer url

https://object.storage.eu01.onstackit.cloud/leaflets/pdfs/01987df2-ac6e-7556-a678-fa6605c13c88/Ab-Donnerstag-14-8-Flugblatt-02.pdf

data url

http://192.81.217.205:8000//Tcs_aldi_data/Austria/flyer_csv_files_2025_08_12/DataHut_AT_Lidl_FlyerExtractions_20250812.CSV"

2."promotion valid upto  found as 
24.08.2025 in page 32.

flyer url

https://object.storage.eu01.onstackit.cloud/leaflets/pdfs/01987df2-ac6e-7556-a678-fa6605c13c88/Ab-Donnerstag-14-8-Flugblatt-02.pdf

data url

http://192.81.217.205:8000//Tcs_aldi_data/Austria/flyer_csv_files_2025_08_12/DataHut_AT_Lidl_FlyerExtractions_20250812.CSV"


DataHut_AT_Interspar_FlyerExtractions_20250812.csv
--------------------------------------------------
"promotion valid upto
of line 1 found as
""03.09"" in page 16,17,19,20.

flyer url is
https://flugblatt.interspar.at/salzburg/salzburg_kw33/GetPDF.ashx

data url
http://192.81.217.205:8000//Tcs_aldi_data/Austria/flyer_csv_files_2025_08_12/DataHut_AT_Interspar_FlyerExtractions_20250812.CSV"

DataHut_AT_Fressnapf_FlyerExtractions_20250812.csv
-------------------------------------------------
no issues


bayut_uae_project_2025_08_02.json
---------------------------------
"1. ,, found in unit type
https://www.bayut.com/for-sale/off-plan/property/dubai/al-furjan/primero-residences-by-main-realty"


dubizzle_uae_2025_08_02.json
---------------------------
1.previous week data count:319706  currant:285164

2.listed_by is empty
3.extra space found in phone number
https://dubai.dubizzle.com/property-for-rent/short-term/apartmentflat/2025/8/1/studio-fully-furnished-in-karamaready-for--2-234/"

dubizzle_egp_2025_08_02.json
----------------------------
"1.phone number found in site
missing in data.

https://www.dubizzle.com.eg/en/ad/500m-land-for-sale-third-block-from-dahshour-link-ID502293165.html

https://www.dubizzle.com.eg/en/ad/lowest-price-phnc-family-house-203m-240m-garden-ID502315067.html

https://www.dubizzle.com.eg/en/ad/resale-apartment-for-sale-in-badya-palm-hills-compound-ID501897026.html"

aqarmap_egp_2025_08_02.json
---------------------------
"1.site cant be reached.
2.broker name found as
""HTTPS://WEB.FACEBOOK.COM/GROUPS/379292702450288/USER/100002867294144/?__CFT__[0]=AZVV0SN2JQQEVPYLQY3 ""

https://aqarmap.com.eg/en/listing/6097051-for-sale-red-sea-el-ahyaa/

https://aqarmap.com.eg/en/listing/6096980-for-sale-red-sea-el-ahyaa/"

3.depth', 'seller_role', 'listing_type' are empty


DataHut_DE_Rewe_FullDump_20250812.CSV
-------------------------------------
"1. feeding recomendation
contains extra characters.
""<div id=""""
https://www.rewe.de/shop/p/zooroyal-mit-rinderherzen-400g/3279221

2.flavor found as ""12 years""
https://www.rewe.de/shop/p/glenfiddich-12-years-0-7l/4205952

3.grammage quantiy found as 1050g in data,1162g in site
https://www.rewe.de/shop/p/somat-classic-power-xxl-70-spuelmaschinentabs-1162g/9083016"

DataHut_AU_Coles_FullDump_20250813.CSV
