Topic: QA on 44314 berkshirehathaways_2024_12_05.json
    5505 coldwellbankerinternational_2024_12_05.json
    2421 edinarealty_2024_12_05.json
     817 harrynorman_2024_12_05.json
    1370 houlihanlawrence_2024_12_05.json
     230 kentwood_2024_12_05.json
     432 semonin_realtors_2024_12_05.json


Findings

     A) berkshirehathaways_2024_12_05.json

1.Address not found in the site
profile_url is
https://www.bhhscarolinapremierproperties.com/wilmington/tom-thornton/cid-3056697"

2.site address is given as agents address

https://www.bhhscarolinapremierproperties.com/wilmington/daquan-pridgen/cid-3051961"

3.image_url found in the site
address not found in the site

https://www.bhhscarolinapremierproperties.com/jacksonville/heather-rossiter/cid-3068619"

4.in most cases site address is given as address
5.Image_url is not found in the site. but url is found
in the json file
https://www.bhhs.com/ambassador-real-estate-ne301/omaha/scott-young/cid-1008927

    B) coldwellbankerinternational_2024_12_05.json

1. No image is found in the site.
Image_url is in json file.
profile_url is
https://www.coldwellbankerinternational.com/agent/2xUZwxwET

https://www.coldwellbankerinternational.com/agent/KMuFdjLrlO"

https://www.coldwellbankerinternational.com/agent/PnGA5Eg
https://www.coldwellbankerinternational.com/agent/9pcoV5SWF
https://www.coldwellbankerinternational.com/agent/Bc9lGQVvG

https://www.coldwellbankerinternational.com/agent/nQFl4vw6eY"
https://www.coldwellbankerinternational.com/agent/kvesyfo

2.Two email found in the site. only one is found in the json file.
image is not found.
profile_url is
https://www.coldwellbankerinternational.com/agent/JOVjw4O"

3.website and title fields
are empty

C)edinarealty_2024_12_05.json

 1. address not found in the site
profile_url is
https://www.edinarealty.com/jeff-anderes-realtor
https://www.edinarealty.com/amie-davis-realtor

2.middle_name and office_phone_number not found in the site,but found
in json file

https://www.edinarealty.com/amy-baldwin-realtor

3.office_number not found in the site. but entered in json
file
https://www.edinarealty.com/fritz-kroll-realtor

4.website is not empty
5. state includes FL,MN,WI

    D)houlihanlawrence_2024_12_05.json

1. email not found in the site,but found
in file.
https://www.houlihanlawrence.com/bio/JaneAbbate

2.office_phone_number not found in site,but
entered in json file
https://www.houlihanlawrence.com/bio/MattDiamond

https://www.houlihanlawrence.com/bio/marygrant

3.same office_number for two persons
https://www.houlihanlawrence.com/bio/LindaAnderson
https://www.houlihanlawrence.com/bio/MarkTravaglini
4.Website not empty
language is empty

    E)harrynorman_2024_12_05.json

1.LinkedIn url found in the site.
not found in json file
https://www.harrynorman.com/bio/davidrice


   F)semonin_realtors_2024_12_05.json

1.website url is provided as profile_url.
so cant found address. Also another phone
number found in website.
url is
https://AdamKaplan.semonin.com

https://AngelClark.semonin.com

https://ashleyjohnson.semonin.com

https://charlestamayo.semonin.com/

2.middle_name and last_name jointly entered 
as last_name. Also website and profile_url is
same
https://TammyEaves-Bridgeford.semonin.com/

3.language field is not empty
email field is empty



   G)kentwood_2024_12_05.json


1.Full name is given as first name
profile_url is
https://www.kentwood.com/bio/HarrisTeam

2.same office_phone _number for different persons.

https://www.kentwood.com/bio/christina"
https://www.kentwood.com/bio/ColleenCozad
https://www.kentwood.com/bio/dillanpowell

3.website cant be reached
profile_url is
https://www.kentwood.com/bio/KCOMBS
website
https://www.https://combssellhomes.com





