    kw_set_2
----------------------
77495 coldwellbanker_us_2025_01_05.json
1145 compass_2025_01_05.json
1509 ebby_2025_01_05.json
2422 edinarealty_2025_01_05.json
70179 exprealty_2025_01_05.json
813 harrynorman_2025_01_05.jsosn
5643 sutton_2025_01_05.json


   77495 coldwellbanker_us_2025_01_05.json
---------------------------------------------

1.title found wrong ("Real Estate Salesperson" in site and
 "Sales Associate" in data)agent phone
number is taken as office phone number.
line 1
profile url
https://www.coldwellbanker.com/al/dothan/agents/joanna-benefield/aid-P00200000GX4w9Dt6HfScRyFQQ0z3SbLuTOmLb8n


same mistakes found in line 8
url https://www.coldwellbanker.com/al/dothan/agents/chris-donaldson/aid-P00200000Ge2YeQ69D9fUmuL9yCiwdFVlHhZfjgD

line 77199
url https://www.coldwellbanker.com/wi/lakewood/agents/lindsey-couillard/aid-P00200000Gg8B668Lrt2Z2YBB2gFx1zs8OOOsAuY

2.wrong title("Independent Contractor" in data "Sales Associate" in site)
line 1405
url https://www.coldwellbanker.com/mn/eden-prairie/agents/rick-rydland/aid-P00200000FSk16oHywl9n8ePSlv2FGP7rQ4VBlAk"


   1145 compass_2025_01_05.json
 --------------------------------------

 1.Almost all fields are empty. (empry in site too)
line 24426
url https://www.compass.com/agents/hanysd/"

  1509 ebby_2025_01_05.json
-------------------------------------

no issues found

  2422 edinarealty_2025_01_05.json
--------------------------------------

no issues found


  813 harrynorman_2025_01_05.jsosn
---------------------------------------
1.office_phone_number
found in site. not in data
line 3
url https://www.harrynorman.com/bio/agentdevelopment
line 484
url https://www.harrynorman.com/bio/lindseytreadaway


  70179 exprealty_2025_01_05.json
-----------------------------------

1.middle name is entered along with
first name.
line 2
url https://www.exprealty.com/agents-search/00010a13-93ac-11ee-b751-45ff28c6740d


  5643 sutton_2025_01_05.json
------------------------------------
1.description found in site
not in data

address field contains city and zipcode
image_url present in data but no image found in site
line 1
url https://www.sutton.com/ca/agent/steven-popper-110061



2..description found in site
not in data

address field contains city and zipcode
line 4788
url https://www.sutton.com/ca/agent/randy-kahn-108988


3.Two title found in site. one in data. 
extra space found between the sentances in description.

line 4783
url https://www.sutton.com/ca/agent/tamara-barker-109514


4.error 500
line 5012
url https://www.sutton.com/ca/agent/jon-chung-120562




