bayut_uae_2025_02_01.json.zip
----------------------------
1.Two phone number found in site
only one found in data
line 150001
"url": "https://www.bayut.com/property/details-9136512.html",
same issue
line 345630
    "url": "https://www.bayut.com/property/details-10617377.html",
2.Newly added Fields "orn_number",
    "bln_number" ,
    "adm_number" ,
    "3d_live",
    "3d_image" ,
    "2d_image" 



    kw_set_7
    ========

coldwellbankerinternational_2025_02_05.json
-------------------------------------------
1.title and website fields are empty
2.no image found in site
image_url is in data
line 1
    "profile_url": "https://www.coldwellbankerinternational.com/agent/WFNcx5hYV8"




edinarealty_2025_02_05.json
---------------------------
no issues

kentwood_2025_02_05.json
------------------------
site cant be reached


rector_hayden_2025_02_05.json
-----------------------------
1.Email is empty
2. state contains KY and ""
3.site upgrading

reecenichols_2025_02_05.json
---------------------------
1.zipcode and state is entered along with 
city(state and zipcode fields are empty)
line 2630
    "profile_url": "https://www.reecenichols.com/bio/legacyteam"
2.email is also empty

3. state field is having 5 digit numbers,MO ,KS and "".



woodsbros_2025_02_05.json
-------------------------
1.languages is not empty
email is empty

2.wrong profile_url
line 160
"profile_url": "https://www.woodsbros.com/roster/agents/3"



DataHut_HU_Tesco_PriceExtractions_20250205.CSV
-----------------------------------------------
price_per found 
2997,50 Ft/db in site
2998Ft/db in data
line 11205
url https://bevasarlas.tesco.hu/groceries/hu-HU/products/2004020291456

DataHut_HU_Spar_FullDump_20250206.CSV
-------------------------------------
1.file_name_1        image_url_1        file_name_2        image_url_2        file_name_3        image_url_3        file_name_4        image_url_4        file_name_5        image_url_5        file_name_6        image_url_6        also empty



DataHut_SI_Spar_FullDump_20250206.CSV
-------------------------------------
1. producthierarchy_level7,
file_name_1        image_url_1        file_name_2        image_url_2        file_name_3        image_url_3        file_name_4        image_url_4        file_name_5        image_url_5        file_name_6        image_url_6
 are empty


DataHut_CH_Lidl_FullDump_20250206.CSV
------------------------------------
1.2666 rows
2.lidl
3.extraction_date
   2025-02-05
4.currency
Swiss franc
5.instock
  True
6.Empty fields

  store_name	store_addressline1	store_addressline2	store_suburbstore_state	store_postcode	store_addressid
brand_type drained_weight
producthierarchy_level4	producthierarchy_level5	producthierarchy_level6	producthierarchy_level7  promotion_type
package_sizeof_sellingprice	per_unit_sizedescription
multi_buy_item_count	multi_buy_items_price_total variants
instructions	storage_instructions	preparationinstructions	instructionforuse allergens	age_of_the_product	age_recommendations
flavour	nutritions	nutritional_information	vitamins	labelling grade	region	packaging	receipies	processed_food	barcode	frozen chilled	organictype	cooking_part	handmade	max_heating_temperature	special_information	label_information	dimensions	special_nutrition_purpose
feeding_recommendation	warranty	color	model_number	material	usp	dosage_recommendation	tasting_note	food_preservation	size file_name_1	image_url_1	file_name_2	image_url_2	file_name_3	image_url_3	file_name_4	image_url_4	file_name_5	image_url_5	file_name_6	image_url_6
competitor_product_key	fit_guide	occasion	material_composition	style	care_instructions	heel_type	heel_height	upc	features	dietary_lifestyle
manufacturer_address	importer_address	distributor_address	vinification_details	recycling_information	return_address
alchol_by_volume	beer_deg	netcontent	netweight
ingredients	random_weight_flag  promo_limit
multibuy_items_pricesingle	perfect_match	servings_per_pack	warning	suitable_for	standard_drinks	environmental	grape_variety	retail_limit


