      kw_set_4    
    -------------
892 firstweber_2025_01_05.json
165 home_realestate_2025_01_05.json
1839 intero_realestate_2025_01_05.json
413 iowarealty_2025_01_05.json
12 realliving_realestate_2025_01_05.json
713 realtysouth_2025_01_05.json
165 rector_hayden_2025_01_05.json
405 semonin_realtors_2025_01_05.json

  892 firstweber_2025_01_05.json
----------------------------------------
1.full name is entered as first 
name.(5 star team)
line 3
url https://www.firstweber.com/bio/5StarTeam

2.404 error
line 735
url https://www.firstweber.com/bio/scottboyd


  165 home_realestate_2025_01_05.json
--------------------------------------------
1.profile_url is same as 
website.
eg line 15
url https://DebRaatz.homerealestate.com"

2.extra space found after city name.
(eg: ("Lincoln  ",insted of "Lincoln")
line 40,45,162 etc

3.image in image_url is not found in site
line 81
url https://www.searcyteam.com

4.phone number found in different format
 (531) 500-3572 in site "5315003572"



  1839 intero_realestate_2025_01_05.json
----------------------------------------------
1.runtime error
line 1378
url https://www.intero.com/directory/agents/alicia-gonzalez


2.no image found in site. image_url found in data
also title found "staff" in site, "" in data
 line 1382
url https://www.intero.com/directory/agents/aden-flory

3. wrong profile_url

line 1459
url https://www.intero.com/directory/agents/ranjodh-singh-sra",


   413 iowarealty_2025_01_05.json
-------------------------------------------
Website and languages are not empty but
email, office_phone_numbers are empty


  12 realliving_realestate_2025_01_05.json
---------------------------------------------

 1.profile_url and website have same values for each data
 2.office_phone_number and agent_phn_number have same values for each data



  165 rector_hayden_2025_01_05.json
-------------------------------------
1.agent phone number have different format
(859) 382-1955 in site 8593821955" in data
 
website and profile_url have same value
line 41
url https://Emidio.rhr.com

 2.wrong name found. in data "first_name": "Justin","middle_name": "","last_name": "Riddell",. in site ,Riddell Smith Group.

 also mistake in agent phone number. "859-447-4757" in data.
  (859) 553-5031 in site

 line 94 
 url https://www.riddellsmithgroup.com


   405 semonin_realtors_2025_01_05.json
-----------------------------------------------
1.email empty
2.website and profile url are same
3. office_number found in site. not in data
line 21
url https://ashleyjohnson.semonin.com/

4.state IN and KY

